<?xml version="1.0" encoding="UTF-8"?>
<testsuite xmlns:xsi="http://www.w3.org/2001/XMLSchema-instance" xsi:noNamespaceSchemaLocation="https://maven.apache.org/surefire/maven-surefire-plugin/xsd/surefire-test-report-3.0.xsd" version="3.0" name="CheckoutProcessIntegrationTest" time="6.763" tests="8" errors="0" skipped="0" failures="0">
  <properties>
[...]
</properties>
  <testcase name="test01_ValidateCart_Success" classname="CheckoutProcessIntegrationTest" time="1.115">
    <system-out><![CDATA[18:19:03 INFO  [or.ki.ko.co.ap.ut.AddonsConfigDiscovery] (build-5) Performed addonsConfig discovery, found: AddonsConfig{usePersistence=true, useTracing=false, useMonitoring=false, usePrometheusMonitoring=false, useCloudEvents=false, useExplainability=false, useProcessSVG=true, useEventDrivenDecisions=false, useEventDrivenRules=false}
18:19:03 INFO  [or.ki.ko.co.co.ut.ApplicationGeneratorDiscovery] (build-9) Generator discovery performed, found [processes, rules, decisions, predictions]
18:19:03 INFO  [or.ki.ko.co.co.ApplicationGenerator] (build-9) Skipping generator 'decisions' because disabled
18:19:03 INFO  [or.ki.ko.co.co.ApplicationGenerator] (build-9) Skipping generator 'predictions' because disabled
18:19:03 INFO  [or.ki.ko.co.ru.RuleCodegen] (build-9) No rule unit is present: generate KieRuntimeBuilder implementation.
18:19:06 INFO  [or.fl.co.in.li.VersionPrinter] (main) Flyway Community Edition 9.11.0 by Redgate
18:19:06 INFO  [or.fl.co.in.li.VersionPrinter] (main) See what's new here: https://flywaydb.org/documentation/learnmore/releaseNotes#9.11.0
18:19:06 INFO  [or.fl.co.in.li.VersionPrinter] (main) 
18:19:06 INFO  [or.fl.co.in.da.ba.BaseDatabaseType] (main) Database: jdbc:postgresql://localhost:5432/checkout-service-db (PostgreSQL 17.5)
18:19:06 WARN  [or.fl.co.in.da.ba.Database] (main) Flyway upgrade recommended: PostgreSQL 17.5 is newer than this version of Flyway and support has not been tested. The latest supported version of PostgreSQL is 15.
18:19:06 INFO  [or.fl.co.in.co.DbValidate] (main) Successfully validated 1 migration (execution time 00:00.014s)
18:19:06 INFO  [or.fl.co.in.co.DbMigrate] (main) Current version of schema "public": 1.35.0
18:19:06 INFO  [or.fl.co.in.co.DbMigrate] (main) Schema "public" is up to date. No migration necessary.

=================================
 CHECKOUT PROCESS - 8 TASKS INTEGRATION TEST 
=================================

=================================
 Test 1: Validate Cart (Success) 
=================================
Product: Laptop Dell XPS 13
Available Stock: 50
18:19:07 INFO  [or.ki.ko.qu.pr.de.DevModeWorkflowLogger] (executor-thread-0) Starting workflow 'checkout_process' (8075d649-db0d-4b17-be90-a67c19b54a0e)
18:19:07 INFO  [or.ki.ko.qu.pr.de.DevModeWorkflowLogger] (executor-thread-0) Variable 'request' value: 'app.checkout.dto.CheckoutRequestDto@483e0354'
18:19:07 INFO  [or.ki.ko.qu.pr.de.DevModeWorkflowLogger] (executor-thread-0) Triggered node 'Start' for process 'checkout_process' (8075d649-db0d-4b17-be90-a67c19b54a0e)
18:19:07 INFO  [or.ki.ko.qu.pr.de.DevModeWorkflowLogger] (executor-thread-0) Triggered node 'Validate Cart' for process 'checkout_process' (8075d649-db0d-4b17-be90-a67c19b54a0e)
Step 1: Validating cart...
Cart is valid
18:19:07 INFO  [or.ki.ko.qu.pr.de.DevModeWorkflowLogger] (executor-thread-0) Triggered node 'Check Stock' for process 'checkout_process' (8075d649-db0d-4b17-be90-a67c19b54a0e)
Step 2: Checking stock availability...
18:19:07 INFO  [or.ki.ko.qu.pr.de.DevModeWorkflowLogger] (executor-thread-0) Variable 'stockAvailable' changed value from: 'null', to: 'true'
Stock is available
18:19:07 INFO  [or.ki.ko.qu.pr.de.DevModeWorkflowLogger] (executor-thread-0) Triggered node 'Stock Available?' for process 'checkout_process' (8075d649-db0d-4b17-be90-a67c19b54a0e)
18:19:07 INFO  [or.ki.ko.qu.pr.de.DevModeWorkflowLogger] (executor-thread-0) Triggered node 'Reserve Stock' for process 'checkout_process' (8075d649-db0d-4b17-be90-a67c19b54a0e)
Step 3: Reserving stock...
Stock reserved successfully
18:19:07 INFO  [or.ki.ko.qu.pr.de.DevModeWorkflowLogger] (executor-thread-0) Triggered node 'Create Order' for process 'checkout_process' (8075d649-db0d-4b17-be90-a67c19b54a0e)
Step 4: Creating order...
18:19:07 INFO  [or.ki.ko.qu.pr.de.DevModeWorkflowLogger] (executor-thread-0) Variable 'orderId' changed value from: 'null', to: '8a422867-043a-4083-937a-6586aca8201a'
Order created with ID: null
18:19:07 INFO  [or.ki.ko.qu.pr.de.DevModeWorkflowLogger] (executor-thread-0) Triggered node 'Process Payment' for process 'checkout_process' (8075d649-db0d-4b17-be90-a67c19b54a0e)
Step 5: Processing payment...
18:19:07 INFO  [or.ki.ko.qu.pr.de.DevModeWorkflowLogger] (executor-thread-0) Variable 'paymentSuccess' changed value from: 'null', to: 'true'
Payment processed successfully
18:19:07 INFO  [or.ki.ko.qu.pr.de.DevModeWorkflowLogger] (executor-thread-0) Triggered node 'Payment Success?' for process 'checkout_process' (8075d649-db0d-4b17-be90-a67c19b54a0e)
18:19:07 INFO  [or.ki.ko.qu.pr.de.DevModeWorkflowLogger] (executor-thread-0) Triggered node 'Confirm Deduction' for process 'checkout_process' (8075d649-db0d-4b17-be90-a67c19b54a0e)
Step 6: Confirming stock deduction...
Stock deduction confirmed
18:19:07 INFO  [or.ki.ko.qu.pr.de.DevModeWorkflowLogger] (executor-thread-0) Triggered node 'Confirm Order' for process 'checkout_process' (8075d649-db0d-4b17-be90-a67c19b54a0e)
Step 7: Confirming order...
Order confirmed: 8a422867-043a-4083-937a-6586aca8201a
18:19:07 INFO  [or.ki.ko.qu.pr.de.DevModeWorkflowLogger] (executor-thread-0) Triggered node 'Send Notification' for process 'checkout_process' (8075d649-db0d-4b17-be90-a67c19b54a0e)
Step 8: Sending confirmation email...
Notification sent for order: 8a422867-043a-4083-937a-6586aca8201a
18:19:07 INFO  [or.ki.ko.qu.pr.de.DevModeWorkflowLogger] (executor-thread-0) Triggered node 'Success' for process 'checkout_process' (8075d649-db0d-4b17-be90-a67c19b54a0e)
18:19:07 INFO  [or.ki.ko.qu.pr.de.DevModeWorkflowLogger] (executor-thread-0) Workflow 'checkout_process' (8075d649-db0d-4b17-be90-a67c19b54a0e) completed
18:19:07 WARN  [or.ki.ko.pe.jd.JDBCProcessInstances] (executor-thread-0) Skipping create of process instance id: 8075d649-db0d-4b17-be90-a67c19b54a0e, state: 2
{
    "id": "8075d649-db0d-4b17-be90-a67c19b54a0e",
    "request": {
        "customerId": "CUST-TEST-1764155946732",
        "customerEmail": "test@example.com",
        "items": [
            {
                "productId": "60c65ff9-46a6-4b39-b481-52d8168867b7",
                "productName": "Laptop Dell XPS 13",
                "quantity": 1,
                "price": 20000000.0
            }
        ],
        "paymentMethod": "CREDIT_CARD",
        "shippingAddress": {
            "street": "Jl. Test No. 123",
            "city": "Jakarta",
            "province": "DKI Jakarta",
            "postalCode": "12190",
            "phoneNumber": "081234567890"
        },
        "totalAmount": 20000000.0
    },
    "paymentSuccess": true,
    "orderId": "8a422867-043a-4083-937a-6586aca8201a",
    "vars": null,
    "stockAvailable": true
}
[PASSED]: Cart validated successfully
[Process ID]: 8075d649-db0d-4b17-be90-a67c19b54a0e

]]></system-out>
    <system-err><![CDATA[Nov 26, 2025 6:19:03 PM io.quarkus.arc.deployment.SplitPackageProcessor splitPackageDetection
WARN: Detected a split package usage which is considered a bad practice and should be avoided. Following packages were detected in multiple archives: 
- "org.kie.kogito.decision" found in [org.kie.kogito:kogito-api::jar, org.kie.kogito:kogito-dmn::jar]
Nov 26, 2025 6:19:05 PM org.hibernate.Version logVersion
INFO: HHH000412: Hibernate ORM core version 5.6.15.Final
Nov 26, 2025 6:19:05 PM org.hibernate.jpa.internal.util.LogHelper logPersistenceUnitInformation
INFO: HHH000204: Processing PersistenceUnitInfo [name: <default>]
Nov 26, 2025 6:19:05 PM org.hibernate.Version logVersion
INFO: HHH000412: Hibernate ORM core version 5.6.15.Final
Nov 26, 2025 6:19:05 PM org.hibernate.annotations.common.reflection.java.JavaReflectionManager <clinit>
INFO: HCANN000001: Hibernate Commons Annotations {5.1.2.Final}
Nov 26, 2025 6:19:05 PM org.hibernate.dialect.Dialect <init>
INFO: HHH000400: Using dialect: io.quarkus.hibernate.orm.runtime.dialect.QuarkusPostgreSQL10Dialect
Nov 26, 2025 6:19:05 PM org.hibernate.validator.internal.util.Version <clinit>
INFO: HV000001: Hibernate Validator 6.2.5.Final
Nov 26, 2025 6:19:06 PM io.quarkus.bootstrap.runner.Timing printStartupTime
INFO: checkout-service 1.0.0-SNAPSHOT on JVM (powered by Quarkus 2.16.12.Final) started in 3.755s. Listening on: http://localhost:8081
Nov 26, 2025 6:19:06 PM io.quarkus.bootstrap.runner.Timing printStartupTime
INFO: Profile test activated. 
Nov 26, 2025 6:19:06 PM io.quarkus.bootstrap.runner.Timing printStartupTime
INFO: Installed features: [agroal, cdi, flyway, hibernate-orm, hibernate-orm-panache, hibernate-validator, jdbc-postgresql, kogito-addon-persistence-jdbc-extension, kogito-addon-process-svg-extension, kogito-decisions, kogito-predictions, kogito-processes, kogito-rules, narayana-jta, resteasy, resteasy-jackson, security, smallrye-context-propagation, smallrye-openapi, swagger-ui, vertx]
]]></system-err>
  </testcase>
  <testcase name="test02_ValidateCart_EmptyCart" classname="CheckoutProcessIntegrationTest" time="0.02">
    <system-out><![CDATA[
=================================
 Test 2: Validate Cart (Empty Cart) 
=================================
{
    "exception": null,
    "propertyViolations": [
        
    ],
    "classViolations": [
        
    ],
    "parameterViolations": [
        {
            "constraintType": "PARAMETER",
            "path": "createResource_checkout_process.arg3.request.totalAmount",
            "message": "Total amount must be greater than 0",
            "value": "0"
        },
        {
            "constraintType": "PARAMETER",
            "path": "createResource_checkout_process.arg3.request.shippingAddress",
            "message": "Shipping address is required",
            "value": ""
        },
        {
            "constraintType": "PARAMETER",
            "path": "createResource_checkout_process.arg3.request.items",
            "message": "At least one item is required",
            "value": "[]"
        }
    ],
    "returnValueViolations": [
        
    ]
}
[PASSED]: Empty cart test completed

]]></system-out>
  </testcase>
  <testcase name="test03_CheckStock_Available" classname="CheckoutProcessIntegrationTest" time="0.02">
    <system-out><![CDATA[
=================================
 Test 3: Check Stock (Available) 
=================================
18:19:07 INFO  [or.ki.ko.qu.pr.de.DevModeWorkflowLogger] (executor-thread-0) Starting workflow 'checkout_process' (5f56b403-6791-4175-a1c7-de47098c71d7)
18:19:07 INFO  [or.ki.ko.qu.pr.de.DevModeWorkflowLogger] (executor-thread-0) Variable 'request' value: 'app.checkout.dto.CheckoutRequestDto@570e74c5'
18:19:07 INFO  [or.ki.ko.qu.pr.de.DevModeWorkflowLogger] (executor-thread-0) Triggered node 'Start' for process 'checkout_process' (5f56b403-6791-4175-a1c7-de47098c71d7)
18:19:07 INFO  [or.ki.ko.qu.pr.de.DevModeWorkflowLogger] (executor-thread-0) Triggered node 'Validate Cart' for process 'checkout_process' (5f56b403-6791-4175-a1c7-de47098c71d7)
Step 1: Validating cart...
Cart is valid
18:19:07 INFO  [or.ki.ko.qu.pr.de.DevModeWorkflowLogger] (executor-thread-0) Triggered node 'Check Stock' for process 'checkout_process' (5f56b403-6791-4175-a1c7-de47098c71d7)
Step 2: Checking stock availability...
18:19:07 INFO  [or.ki.ko.qu.pr.de.DevModeWorkflowLogger] (executor-thread-0) Variable 'stockAvailable' changed value from: 'null', to: 'true'
Stock is available
18:19:07 INFO  [or.ki.ko.qu.pr.de.DevModeWorkflowLogger] (executor-thread-0) Triggered node 'Stock Available?' for process 'checkout_process' (5f56b403-6791-4175-a1c7-de47098c71d7)
18:19:07 INFO  [or.ki.ko.qu.pr.de.DevModeWorkflowLogger] (executor-thread-0) Triggered node 'Reserve Stock' for process 'checkout_process' (5f56b403-6791-4175-a1c7-de47098c71d7)
Step 3: Reserving stock...
Stock reserved successfully
18:19:07 INFO  [or.ki.ko.qu.pr.de.DevModeWorkflowLogger] (executor-thread-0) Triggered node 'Create Order' for process 'checkout_process' (5f56b403-6791-4175-a1c7-de47098c71d7)
Step 4: Creating order...
18:19:07 INFO  [or.ki.ko.qu.pr.de.DevModeWorkflowLogger] (executor-thread-0) Variable 'orderId' changed value from: 'null', to: '4d7c19bc-0399-4eab-bc6f-8e7cb19ee72d'
Order created with ID: null
18:19:07 INFO  [or.ki.ko.qu.pr.de.DevModeWorkflowLogger] (executor-thread-0) Triggered node 'Process Payment' for process 'checkout_process' (5f56b403-6791-4175-a1c7-de47098c71d7)
Step 5: Processing payment...
18:19:07 INFO  [or.ki.ko.qu.pr.de.DevModeWorkflowLogger] (executor-thread-0) Variable 'paymentSuccess' changed value from: 'null', to: 'true'
Payment processed successfully
18:19:07 INFO  [or.ki.ko.qu.pr.de.DevModeWorkflowLogger] (executor-thread-0) Triggered node 'Payment Success?' for process 'checkout_process' (5f56b403-6791-4175-a1c7-de47098c71d7)
18:19:07 INFO  [or.ki.ko.qu.pr.de.DevModeWorkflowLogger] (executor-thread-0) Triggered node 'Confirm Deduction' for process 'checkout_process' (5f56b403-6791-4175-a1c7-de47098c71d7)
Step 6: Confirming stock deduction...
Stock deduction confirmed
18:19:07 INFO  [or.ki.ko.qu.pr.de.DevModeWorkflowLogger] (executor-thread-0) Triggered node 'Confirm Order' for process 'checkout_process' (5f56b403-6791-4175-a1c7-de47098c71d7)
Step 7: Confirming order...
Order confirmed: 4d7c19bc-0399-4eab-bc6f-8e7cb19ee72d
18:19:07 INFO  [or.ki.ko.qu.pr.de.DevModeWorkflowLogger] (executor-thread-0) Triggered node 'Send Notification' for process 'checkout_process' (5f56b403-6791-4175-a1c7-de47098c71d7)
Step 8: Sending confirmation email...
Notification sent for order: 4d7c19bc-0399-4eab-bc6f-8e7cb19ee72d
18:19:07 INFO  [or.ki.ko.qu.pr.de.DevModeWorkflowLogger] (executor-thread-0) Triggered node 'Success' for process 'checkout_process' (5f56b403-6791-4175-a1c7-de47098c71d7)
18:19:07 INFO  [or.ki.ko.qu.pr.de.DevModeWorkflowLogger] (executor-thread-0) Workflow 'checkout_process' (5f56b403-6791-4175-a1c7-de47098c71d7) completed
18:19:07 WARN  [or.ki.ko.pe.jd.JDBCProcessInstances] (executor-thread-0) Skipping create of process instance id: 5f56b403-6791-4175-a1c7-de47098c71d7, state: 2
{
    "id": "5f56b403-6791-4175-a1c7-de47098c71d7",
    "request": {
        "customerId": "CUST-TEST-1764155947602",
        "customerEmail": "test@example.com",
        "items": [
            {
                "productId": "60c65ff9-46a6-4b39-b481-52d8168867b7",
                "productName": "Laptop Dell XPS 13",
                "quantity": 1,
                "price": 15000000.0
            }
        ],
        "paymentMethod": "CREDIT_CARD",
        "shippingAddress": {
            "street": "Jl. Test No. 123",
            "city": "Jakarta",
            "province": "DKI Jakarta",
            "postalCode": "12190",
            "phoneNumber": "081234567890"
        },
        "totalAmount": 15000000.0
    },
    "paymentSuccess": true,
    "orderId": "4d7c19bc-0399-4eab-bc6f-8e7cb19ee72d",
    "vars": null,
    "stockAvailable": true
}
[PASSED]: Stock check successful

]]></system-out>
  </testcase>
  <testcase name="test04_CheckStock_Insufficient" classname="CheckoutProcessIntegrationTest" time="0.014">
    <system-out><![CDATA[
=================================
 Test 4: Check Stock (Insufficient) 
=================================
18:19:07 INFO  [or.ki.ko.qu.pr.de.DevModeWorkflowLogger] (executor-thread-0) Starting workflow 'checkout_process' (c4c67f2d-b228-4ee5-83d4-66597cf0fee5)
18:19:07 INFO  [or.ki.ko.qu.pr.de.DevModeWorkflowLogger] (executor-thread-0) Variable 'request' value: 'app.checkout.dto.CheckoutRequestDto@f90f1c2'
18:19:07 INFO  [or.ki.ko.qu.pr.de.DevModeWorkflowLogger] (executor-thread-0) Triggered node 'Start' for process 'checkout_process' (c4c67f2d-b228-4ee5-83d4-66597cf0fee5)
18:19:07 INFO  [or.ki.ko.qu.pr.de.DevModeWorkflowLogger] (executor-thread-0) Triggered node 'Validate Cart' for process 'checkout_process' (c4c67f2d-b228-4ee5-83d4-66597cf0fee5)
Step 1: Validating cart...
Cart is valid
18:19:07 INFO  [or.ki.ko.qu.pr.de.DevModeWorkflowLogger] (executor-thread-0) Triggered node 'Check Stock' for process 'checkout_process' (c4c67f2d-b228-4ee5-83d4-66597cf0fee5)
Step 2: Checking stock availability...
18:19:07 INFO  [or.ki.ko.qu.pr.de.DevModeWorkflowLogger] (executor-thread-0) Variable 'stockAvailable' changed value from: 'null', to: 'true'
Stock is available
18:19:07 INFO  [or.ki.ko.qu.pr.de.DevModeWorkflowLogger] (executor-thread-0) Triggered node 'Stock Available?' for process 'checkout_process' (c4c67f2d-b228-4ee5-83d4-66597cf0fee5)
18:19:07 INFO  [or.ki.ko.qu.pr.de.DevModeWorkflowLogger] (executor-thread-0) Triggered node 'Reserve Stock' for process 'checkout_process' (c4c67f2d-b228-4ee5-83d4-66597cf0fee5)
Step 3: Reserving stock...
Stock reserved successfully
18:19:07 INFO  [or.ki.ko.qu.pr.de.DevModeWorkflowLogger] (executor-thread-0) Triggered node 'Create Order' for process 'checkout_process' (c4c67f2d-b228-4ee5-83d4-66597cf0fee5)
Step 4: Creating order...
18:19:07 INFO  [or.ki.ko.qu.pr.de.DevModeWorkflowLogger] (executor-thread-0) Variable 'orderId' changed value from: 'null', to: '8ccc4bc1-fe3f-4421-b789-73d6c6ca4ba9'
Order created with ID: null
18:19:07 INFO  [or.ki.ko.qu.pr.de.DevModeWorkflowLogger] (executor-thread-0) Triggered node 'Process Payment' for process 'checkout_process' (c4c67f2d-b228-4ee5-83d4-66597cf0fee5)
Step 5: Processing payment...
18:19:07 INFO  [or.ki.ko.qu.pr.de.DevModeWorkflowLogger] (executor-thread-0) Variable 'paymentSuccess' changed value from: 'null', to: 'true'
Payment processed successfully
18:19:07 INFO  [or.ki.ko.qu.pr.de.DevModeWorkflowLogger] (executor-thread-0) Triggered node 'Payment Success?' for process 'checkout_process' (c4c67f2d-b228-4ee5-83d4-66597cf0fee5)
18:19:07 INFO  [or.ki.ko.qu.pr.de.DevModeWorkflowLogger] (executor-thread-0) Triggered node 'Confirm Deduction' for process 'checkout_process' (c4c67f2d-b228-4ee5-83d4-66597cf0fee5)
Step 6: Confirming stock deduction...
Stock deduction confirmed
18:19:07 INFO  [or.ki.ko.qu.pr.de.DevModeWorkflowLogger] (executor-thread-0) Triggered node 'Confirm Order' for process 'checkout_process' (c4c67f2d-b228-4ee5-83d4-66597cf0fee5)
Step 7: Confirming order...
Order confirmed: 8ccc4bc1-fe3f-4421-b789-73d6c6ca4ba9
18:19:07 INFO  [or.ki.ko.qu.pr.de.DevModeWorkflowLogger] (executor-thread-0) Triggered node 'Send Notification' for process 'checkout_process' (c4c67f2d-b228-4ee5-83d4-66597cf0fee5)
Step 8: Sending confirmation email...
Notification sent for order: 8ccc4bc1-fe3f-4421-b789-73d6c6ca4ba9
18:19:07 INFO  [or.ki.ko.qu.pr.de.DevModeWorkflowLogger] (executor-thread-0) Triggered node 'Success' for process 'checkout_process' (c4c67f2d-b228-4ee5-83d4-66597cf0fee5)
18:19:07 INFO  [or.ki.ko.qu.pr.de.DevModeWorkflowLogger] (executor-thread-0) Workflow 'checkout_process' (c4c67f2d-b228-4ee5-83d4-66597cf0fee5) completed
18:19:07 WARN  [or.ki.ko.pe.jd.JDBCProcessInstances] (executor-thread-0) Skipping create of process instance id: c4c67f2d-b228-4ee5-83d4-66597cf0fee5, state: 2
{
    "id": "c4c67f2d-b228-4ee5-83d4-66597cf0fee5",
    "request": {
        "customerId": "CUST-TEST-1764155947623",
        "customerEmail": "test@example.com",
        "items": [
            {
                "productId": "00000000-0000-0000-0000-000000000000",
                "productName": "Non-Existent Product",
                "quantity": 9999,
                "price": 15000000.0
            }
        ],
        "paymentMethod": "CREDIT_CARD",
        "shippingAddress": {
            "street": "Jl. Test No. 123",
            "city": "Jakarta",
            "province": "DKI Jakarta",
            "postalCode": "12190",
            "phoneNumber": "081234567890"
        },
        "totalAmount": 149985000000.0
    },
    "paymentSuccess": true,
    "orderId": "8ccc4bc1-fe3f-4421-b789-73d6c6ca4ba9",
    "vars": null,
    "stockAvailable": true
}

]]></system-out>
  </testcase>
  <testcase name="test05_ReserveStock" classname="CheckoutProcessIntegrationTest" time="0.024">
    <system-out><![CDATA[
=================================
 Test 5: Reserve Stock 
=================================
Before Reserve:
  Available: 50
  Reserved: 0
18:19:07 INFO  [or.ki.ko.qu.pr.de.DevModeWorkflowLogger] (executor-thread-0) Starting workflow 'checkout_process' (696022eb-5421-4876-8c71-638f6126f62e)
18:19:07 INFO  [or.ki.ko.qu.pr.de.DevModeWorkflowLogger] (executor-thread-0) Variable 'request' value: 'app.checkout.dto.CheckoutRequestDto@15af5794'
18:19:07 INFO  [or.ki.ko.qu.pr.de.DevModeWorkflowLogger] (executor-thread-0) Triggered node 'Start' for process 'checkout_process' (696022eb-5421-4876-8c71-638f6126f62e)
18:19:07 INFO  [or.ki.ko.qu.pr.de.DevModeWorkflowLogger] (executor-thread-0) Triggered node 'Validate Cart' for process 'checkout_process' (696022eb-5421-4876-8c71-638f6126f62e)
Step 1: Validating cart...
Cart is valid
18:19:07 INFO  [or.ki.ko.qu.pr.de.DevModeWorkflowLogger] (executor-thread-0) Triggered node 'Check Stock' for process 'checkout_process' (696022eb-5421-4876-8c71-638f6126f62e)
Step 2: Checking stock availability...
18:19:07 INFO  [or.ki.ko.qu.pr.de.DevModeWorkflowLogger] (executor-thread-0) Variable 'stockAvailable' changed value from: 'null', to: 'true'
Stock is available
18:19:07 INFO  [or.ki.ko.qu.pr.de.DevModeWorkflowLogger] (executor-thread-0) Triggered node 'Stock Available?' for process 'checkout_process' (696022eb-5421-4876-8c71-638f6126f62e)
18:19:07 INFO  [or.ki.ko.qu.pr.de.DevModeWorkflowLogger] (executor-thread-0) Triggered node 'Reserve Stock' for process 'checkout_process' (696022eb-5421-4876-8c71-638f6126f62e)
Step 3: Reserving stock...
Stock reserved successfully
18:19:07 INFO  [or.ki.ko.qu.pr.de.DevModeWorkflowLogger] (executor-thread-0) Triggered node 'Create Order' for process 'checkout_process' (696022eb-5421-4876-8c71-638f6126f62e)
Step 4: Creating order...
18:19:07 INFO  [or.ki.ko.qu.pr.de.DevModeWorkflowLogger] (executor-thread-0) Variable 'orderId' changed value from: 'null', to: '681b6c4b-485b-4743-91a1-09ded0119c16'
Order created with ID: null
18:19:07 INFO  [or.ki.ko.qu.pr.de.DevModeWorkflowLogger] (executor-thread-0) Triggered node 'Process Payment' for process 'checkout_process' (696022eb-5421-4876-8c71-638f6126f62e)
Step 5: Processing payment...
18:19:07 INFO  [or.ki.ko.qu.pr.de.DevModeWorkflowLogger] (executor-thread-0) Variable 'paymentSuccess' changed value from: 'null', to: 'true'
Payment processed successfully
18:19:07 INFO  [or.ki.ko.qu.pr.de.DevModeWorkflowLogger] (executor-thread-0) Triggered node 'Payment Success?' for process 'checkout_process' (696022eb-5421-4876-8c71-638f6126f62e)
18:19:07 INFO  [or.ki.ko.qu.pr.de.DevModeWorkflowLogger] (executor-thread-0) Triggered node 'Confirm Deduction' for process 'checkout_process' (696022eb-5421-4876-8c71-638f6126f62e)
Step 6: Confirming stock deduction...
Stock deduction confirmed
18:19:07 INFO  [or.ki.ko.qu.pr.de.DevModeWorkflowLogger] (executor-thread-0) Triggered node 'Confirm Order' for process 'checkout_process' (696022eb-5421-4876-8c71-638f6126f62e)
Step 7: Confirming order...
Order confirmed: 681b6c4b-485b-4743-91a1-09ded0119c16
18:19:07 INFO  [or.ki.ko.qu.pr.de.DevModeWorkflowLogger] (executor-thread-0) Triggered node 'Send Notification' for process 'checkout_process' (696022eb-5421-4876-8c71-638f6126f62e)
Step 8: Sending confirmation email...
Notification sent for order: 681b6c4b-485b-4743-91a1-09ded0119c16
18:19:07 INFO  [or.ki.ko.qu.pr.de.DevModeWorkflowLogger] (executor-thread-0) Triggered node 'Success' for process 'checkout_process' (696022eb-5421-4876-8c71-638f6126f62e)
18:19:07 INFO  [or.ki.ko.qu.pr.de.DevModeWorkflowLogger] (executor-thread-0) Workflow 'checkout_process' (696022eb-5421-4876-8c71-638f6126f62e) completed
18:19:07 WARN  [or.ki.ko.pe.jd.JDBCProcessInstances] (executor-thread-0) Skipping create of process instance id: 696022eb-5421-4876-8c71-638f6126f62e, state: 2
{
    "id": "696022eb-5421-4876-8c71-638f6126f62e",
    "request": {
        "customerId": "CUST-TEST-1764155947643",
        "customerEmail": "test@example.com",
        "items": [
            {
                "productId": "60c65ff9-46a6-4b39-b481-52d8168867b7",
                "productName": "Laptop Dell XPS 13",
                "quantity": 2,
                "price": 15000000.0
            }
        ],
        "paymentMethod": "CREDIT_CARD",
        "shippingAddress": {
            "street": "Jl. Test No. 123",
            "city": "Jakarta",
            "province": "DKI Jakarta",
            "postalCode": "12190",
            "phoneNumber": "081234567890"
        },
        "totalAmount": 30000000.0
    },
    "paymentSuccess": true,
    "orderId": "681b6c4b-485b-4743-91a1-09ded0119c16",
    "vars": null,
    "stockAvailable": true
}
After Reserve:
  Available: 50
  Reserved: 0
[PASSED]: Stock reserved successfully

]]></system-out>
  </testcase>
  <testcase name="test06_CreateOrder" classname="CheckoutProcessIntegrationTest" time="0.019">
    <system-out><![CDATA[
=================================
 Test 6: Create Order 
=================================
18:19:07 INFO  [or.ki.ko.qu.pr.de.DevModeWorkflowLogger] (executor-thread-0) Starting workflow 'checkout_process' (ecc10b80-b7cb-4ff6-992b-9656f887b550)
18:19:07 INFO  [or.ki.ko.qu.pr.de.DevModeWorkflowLogger] (executor-thread-0) Variable 'request' value: 'app.checkout.dto.CheckoutRequestDto@4b05e2f5'
18:19:07 INFO  [or.ki.ko.qu.pr.de.DevModeWorkflowLogger] (executor-thread-0) Triggered node 'Start' for process 'checkout_process' (ecc10b80-b7cb-4ff6-992b-9656f887b550)
18:19:07 INFO  [or.ki.ko.qu.pr.de.DevModeWorkflowLogger] (executor-thread-0) Triggered node 'Validate Cart' for process 'checkout_process' (ecc10b80-b7cb-4ff6-992b-9656f887b550)
Step 1: Validating cart...
Cart is valid
18:19:07 INFO  [or.ki.ko.qu.pr.de.DevModeWorkflowLogger] (executor-thread-0) Triggered node 'Check Stock' for process 'checkout_process' (ecc10b80-b7cb-4ff6-992b-9656f887b550)
Step 2: Checking stock availability...
18:19:07 INFO  [or.ki.ko.qu.pr.de.DevModeWorkflowLogger] (executor-thread-0) Variable 'stockAvailable' changed value from: 'null', to: 'true'
Stock is available
18:19:07 INFO  [or.ki.ko.qu.pr.de.DevModeWorkflowLogger] (executor-thread-0) Triggered node 'Stock Available?' for process 'checkout_process' (ecc10b80-b7cb-4ff6-992b-9656f887b550)
18:19:07 INFO  [or.ki.ko.qu.pr.de.DevModeWorkflowLogger] (executor-thread-0) Triggered node 'Reserve Stock' for process 'checkout_process' (ecc10b80-b7cb-4ff6-992b-9656f887b550)
Step 3: Reserving stock...
Stock reserved successfully
18:19:07 INFO  [or.ki.ko.qu.pr.de.DevModeWorkflowLogger] (executor-thread-0) Triggered node 'Create Order' for process 'checkout_process' (ecc10b80-b7cb-4ff6-992b-9656f887b550)
Step 4: Creating order...
18:19:07 INFO  [or.ki.ko.qu.pr.de.DevModeWorkflowLogger] (executor-thread-0) Variable 'orderId' changed value from: 'null', to: 'bfd9e81d-2ec6-4a5c-a204-0b48cb993f0b'
Order created with ID: null
18:19:07 INFO  [or.ki.ko.qu.pr.de.DevModeWorkflowLogger] (executor-thread-0) Triggered node 'Process Payment' for process 'checkout_process' (ecc10b80-b7cb-4ff6-992b-9656f887b550)
Step 5: Processing payment...
18:19:07 INFO  [or.ki.ko.qu.pr.de.DevModeWorkflowLogger] (executor-thread-0) Variable 'paymentSuccess' changed value from: 'null', to: 'true'
Payment processed successfully
18:19:07 INFO  [or.ki.ko.qu.pr.de.DevModeWorkflowLogger] (executor-thread-0) Triggered node 'Payment Success?' for process 'checkout_process' (ecc10b80-b7cb-4ff6-992b-9656f887b550)
18:19:07 INFO  [or.ki.ko.qu.pr.de.DevModeWorkflowLogger] (executor-thread-0) Triggered node 'Confirm Deduction' for process 'checkout_process' (ecc10b80-b7cb-4ff6-992b-9656f887b550)
Step 6: Confirming stock deduction...
Stock deduction confirmed
18:19:07 INFO  [or.ki.ko.qu.pr.de.DevModeWorkflowLogger] (executor-thread-0) Triggered node 'Confirm Order' for process 'checkout_process' (ecc10b80-b7cb-4ff6-992b-9656f887b550)
Step 7: Confirming order...
Order confirmed: bfd9e81d-2ec6-4a5c-a204-0b48cb993f0b
18:19:07 INFO  [or.ki.ko.qu.pr.de.DevModeWorkflowLogger] (executor-thread-0) Triggered node 'Send Notification' for process 'checkout_process' (ecc10b80-b7cb-4ff6-992b-9656f887b550)
Step 8: Sending confirmation email...
Notification sent for order: bfd9e81d-2ec6-4a5c-a204-0b48cb993f0b
18:19:07 INFO  [or.ki.ko.qu.pr.de.DevModeWorkflowLogger] (executor-thread-0) Triggered node 'Success' for process 'checkout_process' (ecc10b80-b7cb-4ff6-992b-9656f887b550)
18:19:07 INFO  [or.ki.ko.qu.pr.de.DevModeWorkflowLogger] (executor-thread-0) Workflow 'checkout_process' (ecc10b80-b7cb-4ff6-992b-9656f887b550) completed
18:19:07 WARN  [or.ki.ko.pe.jd.JDBCProcessInstances] (executor-thread-0) Skipping create of process instance id: ecc10b80-b7cb-4ff6-992b-9656f887b550, state: 2
{
    "id": "ecc10b80-b7cb-4ff6-992b-9656f887b550",
    "request": {
        "customerId": "CUST-TEST-1764155947663",
        "customerEmail": "test@example.com",
        "items": [
            {
                "productId": "60c65ff9-46a6-4b39-b481-52d8168867b7",
                "productName": "Laptop Dell XPS 13",
                "quantity": 1,
                "price": 18000000.0
            }
        ],
        "paymentMethod": "CREDIT_CARD",
        "shippingAddress": {
            "street": "Jl. Test No. 123",
            "city": "Jakarta",
            "province": "DKI Jakarta",
            "postalCode": "12190",
            "phoneNumber": "081234567890"
        },
        "totalAmount": 18000000.0
    },
    "paymentSuccess": true,
    "orderId": "bfd9e81d-2ec6-4a5c-a204-0b48cb993f0b",
    "vars": null,
    "stockAvailable": true
}
[PASSED]: Order creation task completed
   Note: Order created in database

]]></system-out>
  </testcase>
  <testcase name="test07_ProcessPayment" classname="CheckoutProcessIntegrationTest" time="0.017">
    <system-out><![CDATA[
=================================
 Test 7: Process Payment 
=================================
18:19:07 INFO  [or.ki.ko.qu.pr.de.DevModeWorkflowLogger] (executor-thread-0) Starting workflow 'checkout_process' (ce4f1ace-33fa-42aa-8e23-1ea2e7af4b56)
18:19:07 INFO  [or.ki.ko.qu.pr.de.DevModeWorkflowLogger] (executor-thread-0) Variable 'request' value: 'app.checkout.dto.CheckoutRequestDto@1e85a34f'
18:19:07 INFO  [or.ki.ko.qu.pr.de.DevModeWorkflowLogger] (executor-thread-0) Triggered node 'Start' for process 'checkout_process' (ce4f1ace-33fa-42aa-8e23-1ea2e7af4b56)
18:19:07 INFO  [or.ki.ko.qu.pr.de.DevModeWorkflowLogger] (executor-thread-0) Triggered node 'Validate Cart' for process 'checkout_process' (ce4f1ace-33fa-42aa-8e23-1ea2e7af4b56)
Step 1: Validating cart...
Cart is valid
18:19:07 INFO  [or.ki.ko.qu.pr.de.DevModeWorkflowLogger] (executor-thread-0) Triggered node 'Check Stock' for process 'checkout_process' (ce4f1ace-33fa-42aa-8e23-1ea2e7af4b56)
Step 2: Checking stock availability...
18:19:07 INFO  [or.ki.ko.qu.pr.de.DevModeWorkflowLogger] (executor-thread-0) Variable 'stockAvailable' changed value from: 'null', to: 'true'
Stock is available
18:19:07 INFO  [or.ki.ko.qu.pr.de.DevModeWorkflowLogger] (executor-thread-0) Triggered node 'Stock Available?' for process 'checkout_process' (ce4f1ace-33fa-42aa-8e23-1ea2e7af4b56)
18:19:07 INFO  [or.ki.ko.qu.pr.de.DevModeWorkflowLogger] (executor-thread-0) Triggered node 'Reserve Stock' for process 'checkout_process' (ce4f1ace-33fa-42aa-8e23-1ea2e7af4b56)
Step 3: Reserving stock...
Stock reserved successfully
18:19:07 INFO  [or.ki.ko.qu.pr.de.DevModeWorkflowLogger] (executor-thread-0) Triggered node 'Create Order' for process 'checkout_process' (ce4f1ace-33fa-42aa-8e23-1ea2e7af4b56)
Step 4: Creating order...
18:19:07 INFO  [or.ki.ko.qu.pr.de.DevModeWorkflowLogger] (executor-thread-0) Variable 'orderId' changed value from: 'null', to: '2e1fd4e2-bd92-4618-bd42-68144adfb6c8'
Order created with ID: null
18:19:07 INFO  [or.ki.ko.qu.pr.de.DevModeWorkflowLogger] (executor-thread-0) Triggered node 'Process Payment' for process 'checkout_process' (ce4f1ace-33fa-42aa-8e23-1ea2e7af4b56)
Step 5: Processing payment...
18:19:07 INFO  [or.ki.ko.qu.pr.de.DevModeWorkflowLogger] (executor-thread-0) Variable 'paymentSuccess' changed value from: 'null', to: 'true'
Payment processed successfully
18:19:07 INFO  [or.ki.ko.qu.pr.de.DevModeWorkflowLogger] (executor-thread-0) Triggered node 'Payment Success?' for process 'checkout_process' (ce4f1ace-33fa-42aa-8e23-1ea2e7af4b56)
18:19:07 INFO  [or.ki.ko.qu.pr.de.DevModeWorkflowLogger] (executor-thread-0) Triggered node 'Confirm Deduction' for process 'checkout_process' (ce4f1ace-33fa-42aa-8e23-1ea2e7af4b56)
Step 6: Confirming stock deduction...
Stock deduction confirmed
18:19:07 INFO  [or.ki.ko.qu.pr.de.DevModeWorkflowLogger] (executor-thread-0) Triggered node 'Confirm Order' for process 'checkout_process' (ce4f1ace-33fa-42aa-8e23-1ea2e7af4b56)
Step 7: Confirming order...
Order confirmed: 2e1fd4e2-bd92-4618-bd42-68144adfb6c8
18:19:07 INFO  [or.ki.ko.qu.pr.de.DevModeWorkflowLogger] (executor-thread-0) Triggered node 'Send Notification' for process 'checkout_process' (ce4f1ace-33fa-42aa-8e23-1ea2e7af4b56)
Step 8: Sending confirmation email...
Notification sent for order: 2e1fd4e2-bd92-4618-bd42-68144adfb6c8
18:19:07 INFO  [or.ki.ko.qu.pr.de.DevModeWorkflowLogger] (executor-thread-0) Triggered node 'Success' for process 'checkout_process' (ce4f1ace-33fa-42aa-8e23-1ea2e7af4b56)
18:19:07 INFO  [or.ki.ko.qu.pr.de.DevModeWorkflowLogger] (executor-thread-0) Workflow 'checkout_process' (ce4f1ace-33fa-42aa-8e23-1ea2e7af4b56) completed
18:19:07 WARN  [or.ki.ko.pe.jd.JDBCProcessInstances] (executor-thread-0) Skipping create of process instance id: ce4f1ace-33fa-42aa-8e23-1ea2e7af4b56, state: 2
{
    "id": "ce4f1ace-33fa-42aa-8e23-1ea2e7af4b56",
    "request": {
        "customerId": "CUST-TEST-1764155947683",
        "customerEmail": "test@example.com",
        "items": [
            {
                "productId": "60c65ff9-46a6-4b39-b481-52d8168867b7",
                "productName": "Laptop Dell XPS 13",
                "quantity": 1,
                "price": 22000000.0
            }
        ],
        "paymentMethod": "CREDIT_CARD",
        "shippingAddress": {
            "street": "Jl. Test No. 123",
            "city": "Jakarta",
            "province": "DKI Jakarta",
            "postalCode": "12190",
            "phoneNumber": "081234567890"
        },
        "totalAmount": 22000000.0
    },
    "paymentSuccess": true,
    "orderId": "2e1fd4e2-bd92-4618-bd42-68144adfb6c8",
    "vars": null,
    "stockAvailable": true
}
[PASSED]: Payment processed successfully

]]></system-out>
  </testcase>
  <testcase name="test08_CompleteHappyPath_All8Tasks" classname="CheckoutProcessIntegrationTest" time="0.038">
    <system-out><![CDATA[
=================================
 Test 8: Complete Flow (8 Tasks) 
=================================

Executing all 8 BPMN tasks:
  [1] Validate Cart
  [2] Check Stock
  [3] Reserve Stock
  [4] Create Order
  [5] Process Payment
  [6] Confirm Deduction
  [7] Confirm Order
  [8] Send Notification

Current Inventory State:
  Product: Laptop Dell XPS 13
  Total Stock: 50
  Available: 50
  Reserved: 0

 Starting checkout process...

18:19:07 INFO  [or.ki.ko.qu.pr.de.DevModeWorkflowLogger] (executor-thread-0) Starting workflow 'checkout_process' (06d67c72-bdca-476c-b37d-3c6a256375ac)
18:19:07 INFO  [or.ki.ko.qu.pr.de.DevModeWorkflowLogger] (executor-thread-0) Variable 'request' value: 'app.checkout.dto.CheckoutRequestDto@73975fbb'
18:19:07 INFO  [or.ki.ko.qu.pr.de.DevModeWorkflowLogger] (executor-thread-0) Triggered node 'Start' for process 'checkout_process' (06d67c72-bdca-476c-b37d-3c6a256375ac)
18:19:07 INFO  [or.ki.ko.qu.pr.de.DevModeWorkflowLogger] (executor-thread-0) Triggered node 'Validate Cart' for process 'checkout_process' (06d67c72-bdca-476c-b37d-3c6a256375ac)
Step 1: Validating cart...
Cart is valid
18:19:07 INFO  [or.ki.ko.qu.pr.de.DevModeWorkflowLogger] (executor-thread-0) Triggered node 'Check Stock' for process 'checkout_process' (06d67c72-bdca-476c-b37d-3c6a256375ac)
Step 2: Checking stock availability...
18:19:07 INFO  [or.ki.ko.qu.pr.de.DevModeWorkflowLogger] (executor-thread-0) Variable 'stockAvailable' changed value from: 'null', to: 'true'
Stock is available
18:19:07 INFO  [or.ki.ko.qu.pr.de.DevModeWorkflowLogger] (executor-thread-0) Triggered node 'Stock Available?' for process 'checkout_process' (06d67c72-bdca-476c-b37d-3c6a256375ac)
18:19:07 INFO  [or.ki.ko.qu.pr.de.DevModeWorkflowLogger] (executor-thread-0) Triggered node 'Reserve Stock' for process 'checkout_process' (06d67c72-bdca-476c-b37d-3c6a256375ac)
Step 3: Reserving stock...
Stock reserved successfully
18:19:07 INFO  [or.ki.ko.qu.pr.de.DevModeWorkflowLogger] (executor-thread-0) Triggered node 'Create Order' for process 'checkout_process' (06d67c72-bdca-476c-b37d-3c6a256375ac)
Step 4: Creating order...
18:19:07 INFO  [or.ki.ko.qu.pr.de.DevModeWorkflowLogger] (executor-thread-0) Variable 'orderId' changed value from: 'null', to: '81e7e9a0-0107-4c42-adc3-1c7134089d52'
Order created with ID: null
18:19:07 INFO  [or.ki.ko.qu.pr.de.DevModeWorkflowLogger] (executor-thread-0) Triggered node 'Process Payment' for process 'checkout_process' (06d67c72-bdca-476c-b37d-3c6a256375ac)
Step 5: Processing payment...
18:19:07 INFO  [or.ki.ko.qu.pr.de.DevModeWorkflowLogger] (executor-thread-0) Variable 'paymentSuccess' changed value from: 'null', to: 'true'
Payment processed successfully
18:19:07 INFO  [or.ki.ko.qu.pr.de.DevModeWorkflowLogger] (executor-thread-0) Triggered node 'Payment Success?' for process 'checkout_process' (06d67c72-bdca-476c-b37d-3c6a256375ac)
18:19:07 INFO  [or.ki.ko.qu.pr.de.DevModeWorkflowLogger] (executor-thread-0) Triggered node 'Confirm Deduction' for process 'checkout_process' (06d67c72-bdca-476c-b37d-3c6a256375ac)
Step 6: Confirming stock deduction...
Stock deduction confirmed
18:19:07 INFO  [or.ki.ko.qu.pr.de.DevModeWorkflowLogger] (executor-thread-0) Triggered node 'Confirm Order' for process 'checkout_process' (06d67c72-bdca-476c-b37d-3c6a256375ac)
Step 7: Confirming order...
Order confirmed: 81e7e9a0-0107-4c42-adc3-1c7134089d52
18:19:07 INFO  [or.ki.ko.qu.pr.de.DevModeWorkflowLogger] (executor-thread-0) Triggered node 'Send Notification' for process 'checkout_process' (06d67c72-bdca-476c-b37d-3c6a256375ac)
Step 8: Sending confirmation email...
Notification sent for order: 81e7e9a0-0107-4c42-adc3-1c7134089d52
18:19:07 INFO  [or.ki.ko.qu.pr.de.DevModeWorkflowLogger] (executor-thread-0) Triggered node 'Success' for process 'checkout_process' (06d67c72-bdca-476c-b37d-3c6a256375ac)
18:19:07 INFO  [or.ki.ko.qu.pr.de.DevModeWorkflowLogger] (executor-thread-0) Workflow 'checkout_process' (06d67c72-bdca-476c-b37d-3c6a256375ac) completed
18:19:07 WARN  [or.ki.ko.pe.jd.JDBCProcessInstances] (executor-thread-0) Skipping create of process instance id: 06d67c72-bdca-476c-b37d-3c6a256375ac, state: 2
{
    "id": "06d67c72-bdca-476c-b37d-3c6a256375ac",
    "request": {
        "customerId": "CUST-TEST-1764155947702",
        "customerEmail": "test@example.com",
        "items": [
            {
                "productId": "60c65ff9-46a6-4b39-b481-52d8168867b7",
                "productName": "Laptop Dell XPS 13",
                "quantity": 1,
                "price": 25000000.0
            }
        ],
        "paymentMethod": "CREDIT_CARD",
        "shippingAddress": {
            "street": "Jl. Test No. 123",
            "city": "Jakarta",
            "province": "DKI Jakarta",
            "postalCode": "12190",
            "phoneNumber": "081234567890"
        },
        "totalAmount": 25000000.0
    },
    "paymentSuccess": true,
    "orderId": "81e7e9a0-0107-4c42-adc3-1c7134089d52",
    "vars": null,
    "stockAvailable": true
}
   Process Instance ID: 06d67c72-bdca-476c-b37d-3c6a256375ac

   [✓] Task 1: Cart validated
   [✓] Task 2: Stock checked
   [✓] Task 3: Stock reserved
   [✓] Task 4: Order created
   [✓] Task 5: Payment processed
   [✓] Task 6: Stock deduction confirmed
   [✓] Task 7: Order confirmed
   [✓] Task 8: Notification sent

]]></system-out>
  </testcase>
</testsuite>