<?xml version="1.0" encoding="UTF-8"?>
<testsuite xmlns:xsi="http://www.w3.org/2001/XMLSchema-instance" xsi:noNamespaceSchemaLocation="https://maven.apache.org/surefire/maven-surefire-plugin/xsd/surefire-test-report-3.0.xsd" version="3.0" name="CheckoutProcessTest" time="0.048" tests="2" errors="0" skipped="0" failures="0">
  <properties>
[...]
</properties>
  <testcase name="testGetAllProcessInstances" classname="CheckoutProcessTest" time="0.032"/>
  <testcase name="testStartCheckoutProcess" classname="CheckoutProcessTest" time="0.014">
    <system-out><![CDATA[18:19:07 INFO  [or.ki.ko.qu.pr.de.DevModeWorkflowLogger] (executor-thread-0) Starting workflow 'checkout_process' (9ebdef12-f426-4f52-9f06-d22307007c59)
18:19:07 INFO  [or.ki.ko.qu.pr.de.DevModeWorkflowLogger] (executor-thread-0) Variable 'request' value: 'app.checkout.dto.CheckoutRequestDto@1567482b'
18:19:07 INFO  [or.ki.ko.qu.pr.de.DevModeWorkflowLogger] (executor-thread-0) Triggered node 'Start' for process 'checkout_process' (9ebdef12-f426-4f52-9f06-d22307007c59)
18:19:07 INFO  [or.ki.ko.qu.pr.de.DevModeWorkflowLogger] (executor-thread-0) Triggered node 'Validate Cart' for process 'checkout_process' (9ebdef12-f426-4f52-9f06-d22307007c59)
Step 1: Validating cart...
Cart is valid
18:19:07 INFO  [or.ki.ko.qu.pr.de.DevModeWorkflowLogger] (executor-thread-0) Triggered node 'Check Stock' for process 'checkout_process' (9ebdef12-f426-4f52-9f06-d22307007c59)
Step 2: Checking stock availability...
18:19:07 INFO  [or.ki.ko.qu.pr.de.DevModeWorkflowLogger] (executor-thread-0) Variable 'stockAvailable' changed value from: 'null', to: 'true'
Stock is available
18:19:07 INFO  [or.ki.ko.qu.pr.de.DevModeWorkflowLogger] (executor-thread-0) Triggered node 'Stock Available?' for process 'checkout_process' (9ebdef12-f426-4f52-9f06-d22307007c59)
18:19:07 INFO  [or.ki.ko.qu.pr.de.DevModeWorkflowLogger] (executor-thread-0) Triggered node 'Reserve Stock' for process 'checkout_process' (9ebdef12-f426-4f52-9f06-d22307007c59)
Step 3: Reserving stock...
Stock reserved successfully
18:19:07 INFO  [or.ki.ko.qu.pr.de.DevModeWorkflowLogger] (executor-thread-0) Triggered node 'Create Order' for process 'checkout_process' (9ebdef12-f426-4f52-9f06-d22307007c59)
Step 4: Creating order...
18:19:07 INFO  [or.ki.ko.qu.pr.de.DevModeWorkflowLogger] (executor-thread-0) Variable 'orderId' changed value from: 'null', to: '05f32f21-18e2-4012-80c7-616e80b8b2e6'
Order created with ID: null
18:19:07 INFO  [or.ki.ko.qu.pr.de.DevModeWorkflowLogger] (executor-thread-0) Triggered node 'Process Payment' for process 'checkout_process' (9ebdef12-f426-4f52-9f06-d22307007c59)
Step 5: Processing payment...
18:19:07 INFO  [or.ki.ko.qu.pr.de.DevModeWorkflowLogger] (executor-thread-0) Variable 'paymentSuccess' changed value from: 'null', to: 'true'
Payment processed successfully
18:19:07 INFO  [or.ki.ko.qu.pr.de.DevModeWorkflowLogger] (executor-thread-0) Triggered node 'Payment Success?' for process 'checkout_process' (9ebdef12-f426-4f52-9f06-d22307007c59)
18:19:07 INFO  [or.ki.ko.qu.pr.de.DevModeWorkflowLogger] (executor-thread-0) Triggered node 'Confirm Deduction' for process 'checkout_process' (9ebdef12-f426-4f52-9f06-d22307007c59)
Step 6: Confirming stock deduction...
Stock deduction confirmed
18:19:07 INFO  [or.ki.ko.qu.pr.de.DevModeWorkflowLogger] (executor-thread-0) Triggered node 'Confirm Order' for process 'checkout_process' (9ebdef12-f426-4f52-9f06-d22307007c59)
Step 7: Confirming order...
Order confirmed: 05f32f21-18e2-4012-80c7-616e80b8b2e6
18:19:07 INFO  [or.ki.ko.qu.pr.de.DevModeWorkflowLogger] (executor-thread-0) Triggered node 'Send Notification' for process 'checkout_process' (9ebdef12-f426-4f52-9f06-d22307007c59)
Step 8: Sending confirmation email...
Notification sent for order: 05f32f21-18e2-4012-80c7-616e80b8b2e6
18:19:07 INFO  [or.ki.ko.qu.pr.de.DevModeWorkflowLogger] (executor-thread-0) Triggered node 'Success' for process 'checkout_process' (9ebdef12-f426-4f52-9f06-d22307007c59)
18:19:07 INFO  [or.ki.ko.qu.pr.de.DevModeWorkflowLogger] (executor-thread-0) Workflow 'checkout_process' (9ebdef12-f426-4f52-9f06-d22307007c59) completed
18:19:07 WARN  [or.ki.ko.pe.jd.JDBCProcessInstances] (executor-thread-0) Skipping create of process instance id: 9ebdef12-f426-4f52-9f06-d22307007c59, state: 2
]]></system-out>
  </testcase>
</testsuite>